/projects/alar6830/software/anaconda/envs/py39/lib/python3.9/site-packages/scipy/__init__.py:146: UserWarning: A NumPy version >=1.16.5 and <1.23.0 is required for this version of SciPy (detected version 1.25.2
  warnings.warn(f"A NumPy version >={np_minversion} and <{np_maxversion}"
done with 100206
done with 100206
done with 100307
done with 100307
done with 100408
done with 100610
done with 100408
done with 100610
done with 101006
done with 101006
done with 101107
done with 101107
done with 101309
done with 101309
done with 101410
done with 101410
done with 101915
done with 101915
done with 102008
done with 102008
done with 102109
done with 102109
done with 102311
done with 102513
done with 102311
done with 102614
done with 102513
done with 102614
done with 102715
done with 102715
done with 102816
done with 102816
done with 103010
done with 103010
done with 103111
done with 103111
done with 103212
done with 103212
done with 103414
done with 103414
done with 103515
done with 103515
done with 103818
done with 103818
done with 104012
done with 104012
done with 104416
done with 104416
done with 104820
done with 104820
done with 105014
done with 105014
done with 105115
done with 105115
done with 105216
done with 105216
done with 105620
done with 105620
done with 105923
done with 105923
done with 106016
done with 106016
done with 106319
done with 106319
done with 106521
done with 106521
done with 106824
done with 106824
done with 107018
done with 107018
done with 107220
done with 107220
done with 107321
done with 107321
done with 107422
done with 107422
done with 107725
done with 107725
done with 108020
done with 108020
done with 108121
done with 108121
done with 108222
done with 108222
done with 108323
done with 108525
done with 108525
done with 108828
done with 108323
done with 108828
done with 109123
done with 109123
done with 109325
done with 109325
done with 109830
done with 109830
done with 110007
done with 110007
done with 110411
done with 110411
done with 110613
done with 110613
done with 111009
done with 111009
done with 111211
done with 111211
done with 111312
done with 111312
done with 111413
done with 111413
done with 112819
done with 112112
done with 112819
done with 112112
done with 111514
done with 111514
done with 112920
done with 112920
done with 111716
done with 112314
done with 111716
done with 112314
done with 112516
done with 112516
done with 113215
done with 113215
done with 113316
done with 113316
done with 113821
done with 113821
done with 113619
done with 113619
done with 113417
done with 113417
done with 113922
done with 113922
done with 114116
done with 114116
done with 114318
done with 114318
done with 114217
done with 114217
done with 114419
done with 114419
done with 114823
done with 114823
done with 114924
done with 114924
done with 114621
done with 114621
done with 115219
done with 115219
done with 115017
done with 115724
done with 115017
done with 115724
done with 115320
done with 115825
done with 116423
done with 115320
done with 115825
done with 116423
done with 116524
done with 116524
done with 116726
done with 116221
done with 116221
done with 116726
done with 117122
done with 117122
done with 117324
done with 117324
done with 117930
done with 117021
done with 117728
done with 117021
done with 117930
done with 117728
done with 118124
done with 118124
done with 118225
done with 118225
done with 118023
done with 118023
done with 118730
done with 118730
done with 118831
done with 118831
done with 118528
done with 118528
done with 119025
done with 118932
done with 118932
done with 119025
done with 119126
done with 119126
done with 119732
done with 119732
Error processing 116120 with encoding LR: No such file or no access: '/scratch/alpine/alar6830/WM_All/116120/LR/tfMRI_WM_LR.nii.gz'
Error processing 116120 with encoding RL: No such file or no access: '/scratch/alpine/alar6830/WM_All/116120/RL/tfMRI_WM_RL.nii.gz'
done with 119833
done with 119833
done with 120010
done with 120010
done with 120515
done with 120515
done with 120212
done with 120212
done with 120111
done with 120111
done with 120414
done with 120414
done with 121416
done with 121416
done with 121820
done with 121820
done with 121921
done with 121921
done with 121719
done with 121618
done with 121719
done with 121618
done with 121315
done with 121315
done with 122317
done with 122317
done with 120717
done with 120717
done with 122418
done with 122418
done with 122822
done with 122822
done with 122620
done with 122620
done with 123117
done with 123420
done with 123117
done with 123420
done with 123521
done with 123521
done with 123824
done with 123824
done with 123723
done with 123723
done with 123925
done with 123925
done with 124220
done with 124220
done with 124624
done with 124624
done with 124826
done with 125222
done with 124422
done with 124826
done with 125222
done with 124422
done with 125525
done with 125525
done with 125424
done with 125424
done with 126628
done with 126628
done with 126426
done with 126426
done with 127226
done with 127226
done with 126325
done with 126325
done with 127731
done with 127327
done with 127327
done with 127630
done with 127731
done with 127630
done with 127933
done with 127933
done with 128026
done with 128026
done with 128127
done with 128127
done with 127832
done with 127832
done with 128632
done with 128632
done with 128329
done with 128329
done with 128935
done with 128935
done with 129028
done with 129028
done with 129129
done with 129129
done with 129331
done with 129331
Error processing 126931 with encoding LR: No such file or no access: '/scratch/alpine/alar6830/WM_All/126931/LR/tfMRI_WM_LR.nii.gz'
Error processing 126931 with encoding RL: No such file or no access: '/scratch/alpine/alar6830/WM_All/126931/RL/tfMRI_WM_RL.nii.gz'
done with 129634
done with 129634
done with 129937
done with 129937
done with 130013
done with 130013
done with 130114
done with 130114
done with 130417
done with 130417
Error processing 129432 with encoding LR: No such file or no access: '/scratch/alpine/alar6830/WM_All/129432/LR/tfMRI_WM_LR.nii.gz'
done with 130316
done with 130720
done with 130518
done with 130518
done with 130821
done with 130619
done with 130619
done with 130922
done with 130720
Error processing 129432 with encoding RL: No such file or no access: '/scratch/alpine/alar6830/WM_All/129432/RL/tfMRI_WM_RL.nii.gz'
done with 130821
done with 131217
done with 130316
done with 130922
Error processing 129533 with encoding RL: No such file or no access: '/scratch/alpine/alar6830/WM_All/129533/RL/tfMRI_WM_RL.nii.gz'
done with 131217
Error processing 129533 with encoding LR: No such file or no access: '/scratch/alpine/alar6830/WM_All/129533/LR/tfMRI_WM_LR.nii.gz'
done with 131722
done with 131419
done with 131722
done with 131419
done with 131823
done with 131823
done with 131924
done with 131924
done with 132017
done with 132017
done with 133019
done with 133019
done with 132118
done with 133827
done with 133625
done with 133625
done with 132118
done with 133827
done with 133928
done with 133928
done with 134223
done with 134223
done with 134021
done with 134021
done with 134324
Error processing 131621 with encoding LR: No such file or no access: '/scratch/alpine/alar6830/WM_All/131621/LR/tfMRI_WM_LR.nii.gz'
done with 134324
Error processing 131621 with encoding RL: No such file or no access: '/scratch/alpine/alar6830/WM_All/131621/RL/tfMRI_WM_RL.nii.gz'
done with 134425
done with 134425
done with 134627
done with 134627
done with 134728
done with 134728
done with 134829
done with 134829
done with 135124
done with 135124
done with 135528
done with 135225
done with 135528
done with 135225
done with 135629
done with 135629
done with 136227
done with 136227
done with 136833
done with 135730
done with 135932
done with 135932
done with 136631
done with 136631
done with 135730
done with 136126
done with 136126
done with 136833
done with 136732
done with 136732
done with 137027
done with 137027
done with 137229
done with 137229
done with 137128
done with 137128
done with 137431
done with 137431
done with 137532
done with 137936
done with 137936
done with 137532
done with 137633
done with 137633
done with 138231
done with 138231
done with 138534
done with 138130
done with 138130
done with 138332
done with 138332
done with 138534
done with 138837
done with 138837
done with 139233
done with 139233
done with 139839
done with 139435
done with 139435
done with 139637
done with 139637
done with 139839
done with 140117
done with 140117
done with 140420
done with 140824
done with 140319
done with 140319
done with 140925
done with 141422
done with 141826
done with 141119
done with 141119
done with 140925
done with 142424
done with 141422
done with 140824
done with 141826
done with 140420
done with 142424
done with 142828
done with 142828
done with 143426
done with 143224
done with 143224
done with 143325
done with 143325
done with 143426
done with 143830
done with 144226
done with 144125
done with 144125
done with 144226
done with 143830
done with 144428
done with 144428
done with 144933
done with 144933
done with 145127
done with 145127
done with 144832
done with 144731
Error processing 143527 with encoding LR: No such file or no access: '/scratch/alpine/alar6830/WM_All/143527/LR/tfMRI_WM_LR.nii.gz'
Error processing 143527 with encoding RL: No such file or no access: '/scratch/alpine/alar6830/WM_All/143527/RL/tfMRI_WM_RL.nii.gz'
done with 145531
done with 144832
done with 145531
done with 144731
done with 145632
done with 145632
done with 145834
done with 145834
done with 146331
done with 146331
done with 146533
done with 146533
done with 146432
done with 146432
done with 146735
done with 146735
done with 146836
done with 146836
done with 146129
done with 146129
done with 146937
Error processing 146634 with encoding LR: No such file or no access: '/scratch/alpine/alar6830/WM_All/146634/LR/tfMRI_WM_LR.nii.gz'
done with 147636
done with 147030
done with 147636
done with 147030
done with 146937
Error processing 146634 with encoding RL: No such file or no access: '/scratch/alpine/alar6830/WM_All/146634/RL/tfMRI_WM_RL.nii.gz'
done with 147737
done with 147737
done with 148032
done with 148032
done with 148133
done with 148133
done with 148335
done with 148335
done with 148436
done with 148436
done with 148840
done with 148941
done with 149236
done with 149236
done with 148941
done with 149539
done with 149337
done with 149337
done with 149539
done with 150019
done with 150019
done with 148840
done with 149842
done with 149842
done with 149741
done with 149741
done with 150423
done with 150423
done with 150726
done with 150726
done with 150625
done with 150625
done with 150524
done with 150524
done with 150928
done with 150928
done with 151021
done with 151021
done with 151223
done with 151223
done with 151324
done with 151324
done with 151425
done with 151425
done with 151526
done with 151526
done with 152225
done with 151728
done with 151728
done with 151627
done with 151627
done with 152225
done with 151930
done with 151930
done with 151829
done with 151829
done with 152831
done with 152831
done with 152427
done with 152427
done with 153025
done with 153025
done with 153126
done with 153126
done with 154229
done with 154229
done with 153732
done with 153227
done with 153227
done with 153833
done with 154330
done with 153732
done with 154431
done with 153429
done with 153631
done with 153631
done with 153934
done with 153934
done with 153833
done with 154330
done with 153429
done with 154431
done with 154734
done with 154835
done with 154835
done with 154734
done with 154532
done with 154532
done with 155231
done with 155231
done with 154936
done with 154936
done with 155635
done with 155635
done with 156031
done with 156031
done with 155938
done with 155938
done with 156334
done with 156334
done with 156233
done with 156233
done with 156536
done with 156536
done with 156435
done with 156435
done with 157336
done with 157336
done with 158136
done with 158136
done with 156637
done with 156637
done with 158035
done with 158035
done with 157437
done with 157437
done with 159138
done with 159138
done with 159239
done with 159239
done with 159340
done with 159340
done with 158540
done with 158338
done with 159441
done with 158540
done with 158338
done with 159441
done with 159744
done with 159744
done with 158843
done with 158843
done with 157942
done with 157942
done with 159946
done with 159946
done with 159845
done with 159845
done with 160729
done with 160931
done with 160123
done with 160123
done with 160729
done with 160931
done with 160830
done with 160830
done with 161327
done with 161327
done with 161630
done with 161630
done with 161832
done with 161731
done with 162228
done with 161832
done with 162026
done with 162026
done with 161731
done with 162329
done with 162733
done with 162733
done with 163331
done with 162228
done with 162935
done with 162935
done with 162329
done with 163331
done with 163129
done with 163129
done with 163432
done with 163432
done with 164131
done with 163836
done with 163836
done with 164636
done with 164030
done with 164939
done with 164131
done with 164030
done with 164636
done with 164939
done with 165234
done with 165234
done with 165436
done with 165436
done with 165638
done with 165638
done with 166438
done with 166438
done with 165941
done with 165941
Error processing 165032 with encoding RL: No such file or no access: '/scratch/alpine/alar6830/WM_All/165032/RL/tfMRI_WM_RL.nii.gz'
done with 166640
done with 166640
done with 167238
done with 167238
done with 167440
done with 167440
done with 167036
done with 167036
done with 167743
done with 167743
done with 168240
done with 168139
done with 168139
Error processing 165840 with encoding RL: No such file or no access: '/scratch/alpine/alar6830/WM_All/165840/RL/tfMRI_WM_RL.nii.gz'
done with 168240
done with 168745
done with 168745
done with 168341
done with 168341
done with 168947
done with 168947
done with 169141
done with 169141
done with 169040
done with 169040
Error processing 168038 with encoding RL: No such file or no access: '/scratch/alpine/alar6830/WM_All/168038/RL/tfMRI_WM_RL.nii.gz'
done with 169343
done with 169343
Error processing 168038 with encoding LR: No such file or no access: '/scratch/alpine/alar6830/WM_All/168038/LR/tfMRI_WM_LR.nii.gz'
done with 169444
done with 169444
done with 169949
done with 169949
done with 170631
done with 170631
done with 169545
done with 170934
done with 169747
done with 169747
done with 171128
done with 171128
done with 169545
done with 170934
done with 171330
done with 171330
done with 171431
done with 171431
done with 171633
done with 171532
done with 171532
done with 171633
done with 171734
done with 172029
done with 172029
done with 171734
done with 172130
done with 172130
done with 172332
done with 172332
done with 172433
done with 172433
done with 172534
done with 172635
done with 172938
done with 172635
done with 172534
done with 172938
done with 173132
done with 173233
done with 173132
done with 173233
done with 173435
done with 173334
done with 173334
done with 173435
done with 173536
done with 173637
done with 173637
done with 173536
done with 173738
done with 173738
done with 173940
done with 173940
done with 173839
done with 173839
done with 174841
done with 174841
done with 174437
done with 174437
done with 175035
done with 175035
done with 175136
done with 175136
done with 175237
done with 175237
done with 175338
done with 175338
done with 175540
done with 175540
done with 175439
done with 175439
done with 176037
done with 176037
done with 176239
done with 175742
done with 175742
done with 176239
done with 176744
done with 176441
done with 176744
done with 176441
done with 176542
done with 176542
done with 176845
done with 176845
done with 177140
done with 177140
done with 177241
done with 177241
done with 177342
done with 177342
done with 177645
done with 177645
done with 177746
done with 177746
done with 178142
done with 178142
done with 178647
done with 178647
done with 178849
done with 178748
done with 179245
done with 178849
done with 178243
done with 178748
done with 179245
done with 178243
done with 178950
done with 178950
done with 179346
done with 179346
done with 179548
done with 179548
done with 179952
done with 179952
done with 180129
done with 180129
done with 180533
done with 180533
done with 180432
done with 180432
done with 180230
done with 180230
done with 180735
done with 180735
done with 180836
done with 180836
done with 180937
done with 181636
done with 181131
done with 181131
done with 182032
done with 181636
done with 181232
done with 181232
done with 182032
done with 180937
done with 182436
done with 182436
done with 182739
done with 182739
done with 182840
done with 182840
done with 183337
done with 183337
done with 183034
done with 183034
done with 183741
done with 183741
done with 185038
done with 185038
done with 185139
done with 185139
done with 185442
done with 185341
done with 185442
done with 185341
done with 185947
done with 185947
done with 186040
done with 186040
Error processing 185846 with encoding RL: No such file or no access: '/scratch/alpine/alar6830/WM_All/185846/RL/tfMRI_WM_RL.nii.gz'
done with 186141
done with 186141
done with 186444
done with 186444
done with 186949
done with 186949
done with 187143
done with 187143
done with 186545
done with 187345
done with 186848
done with 186848
done with 186545
done with 187345
done with 187547
done with 187547
done with 187850
done with 187850
done with 188145
done with 188145
done with 188347
done with 188347
done with 188448
done with 188448
done with 189450
done with 189450
done with 188549
done with 189349
done with 188549
done with 189349
done with 189652
done with 188751
done with 190031
done with 190031
done with 188751
done with 189652
done with 191942
Error processing 190132 with encoding LR: No such file or no access: '/scratch/alpine/alar6830/WM_All/190132/LR/tfMRI_WM_LR.nii.gz'
done with 191942
done with 191235
done with 191437
done with 191437
done with 191841
done with 191841
done with 191235
done with 191033
done with 191033
done with 191336
done with 191336
done with 192035
done with 192035
done with 192136
done with 192136
Error processing 190132 with encoding RL: No such file or no access: '/scratch/alpine/alar6830/WM_All/190132/RL/tfMRI_WM_RL.nii.gz'
done with 192237
done with 192237
done with 192540
done with 192540
done with 192439
done with 192439
done with 192843
done with 192843
done with 192641
done with 192641
done with 193239
done with 193239
done with 193441
done with 193441
done with 193845
done with 193845
done with 194140
done with 194443
done with 194443
done with 194140
done with 194645
done with 194645
done with 194746
done with 194746
done with 194847
done with 194847
done with 195445
done with 195647
done with 195041
done with 195041
done with 195445
done with 195647
done with 195849
done with 195950
done with 195849
done with 195950
done with 196144
done with 196144
done with 196346
done with 196346
done with 196750
done with 196750
Error processing 197449 with encoding RL: No such file or no access: '/scratch/alpine/alar6830/WM_All/197449/RL/tfMRI_WM_RL.nii.gz'
Error processing 197449 with encoding LR: No such file or no access: '/scratch/alpine/alar6830/WM_All/197449/LR/tfMRI_WM_LR.nii.gz'
done with 197348
done with 197348
done with 196851
done with 196851
done with 197550
done with 197550
done with 196952
done with 196952
done with 198047
done with 198047
Error processing 197651 with encoding RL: No such file or no access: '/scratch/alpine/alar6830/WM_All/197651/RL/tfMRI_WM_RL.nii.gz'
Error processing 197651 with encoding LR: No such file or no access: '/scratch/alpine/alar6830/WM_All/197651/LR/tfMRI_WM_LR.nii.gz'
done with 198249
done with 198249
done with 198350
done with 198350
done with 198451
done with 198451
done with 198653
done with 198653
done with 199150
done with 199150
done with 198855
done with 198855
done with 199251
done with 199352
done with 199251
done with 199352
done with 199958
done with 199958
done with 199453
done with 199453
done with 199655
done with 200008
done with 200109
done with 200109
done with 199655
done with 200008
done with 200210
done with 200210
done with 200311
done with 200311
done with 200513
done with 200513
done with 200917
done with 200917
done with 200614
done with 200614
done with 201111
done with 201111
done with 201414
done with 201515
done with 201515
done with 201414
done with 201717
done with 201717
done with 201818
done with 201818
done with 202113
done with 202113
done with 202719
done with 202719
done with 202820
done with 202820
done with 203418
done with 203418
done with 204218
done with 204218
done with 204016
done with 204016
done with 203923
done with 203923
done with 204420
done with 204420
done with 204319
done with 204319
done with 204521
done with 204521
done with 205119
done with 204622
done with 204622
done with 205119
Error processing 203721 with encoding RL: No such file or no access: '/scratch/alpine/alar6830/WM_All/203721/RL/tfMRI_WM_RL.nii.gz'
Error processing 203721 with encoding LR: No such file or no access: '/scratch/alpine/alar6830/WM_All/203721/LR/tfMRI_WM_LR.nii.gz'
done with 205220
done with 205220
done with 205725
done with 205725
done with 205826
done with 205826
done with 206323
done with 206323
done with 206222
done with 206222
done with 206525
done with 206525
done with 206828
done with 206828
done with 206727
done with 206727
done with 206929
done with 206929
done with 208024
done with 208024
done with 207426
done with 207426
done with 208125
done with 208125
done with 208226
done with 208226
done with 207123
done with 207123
Error processing 207628 with encoding LR: No such file or no access: '/scratch/alpine/alar6830/WM_All/207628/LR/tfMRI_WM_LR.nii.gz'
Error processing 207628 with encoding RL: No such file or no access: '/scratch/alpine/alar6830/WM_All/207628/RL/tfMRI_WM_RL.nii.gz'
done with 208630
done with 208630
done with 208327
done with 208327
done with 209127
done with 209127
done with 209228
done with 209228
done with 209329
done with 209329
done with 209531
done with 209531
done with 209834
done with 209834
done with 209935
done with 210011
done with 209935
done with 210011
done with 210112
done with 210112
done with 210415
done with 210415
done with 210617
done with 210617
Error processing 208428 with encoding LR: No such file or no access: '/scratch/alpine/alar6830/WM_All/208428/LR/tfMRI_WM_LR.nii.gz'
done with 211114
Error processing 208428 with encoding RL: No such file or no access: '/scratch/alpine/alar6830/WM_All/208428/RL/tfMRI_WM_RL.nii.gz'
done with 211215
done with 211215
done with 211417
done with 211114
done with 211316
done with 211316
done with 211417
done with 211619
done with 211619
done with 211720
done with 211720
done with 211922
done with 211922
done with 212015
done with 212015
done with 211821
done with 211821
done with 212116
done with 212116
done with 212217
done with 212318
done with 212419
done with 212823
done with 212823
done with 212217
done with 212318
done with 212419
done with 213017
done with 213017
done with 213421
done with 213421
done with 214019
done with 214019
done with 213522
done with 213522
done with 214221
done with 214221
done with 214423
done with 214423
done with 214524
done with 214524
done with 214625
done with 214625
done with 217126
done with 217126
done with 219231
done with 220721
done with 219231
done with 220721
done with 221218
done with 221218
done with 217429
done with 217429
done with 214726
done with 214726
done with 221319
done with 221319
done with 223929
done with 223929
done with 224022
done with 224022
done with 227533
done with 227533
done with 227432
done with 227432
done with 228434
done with 228434
done with 231928
done with 231928
done with 233326
done with 233326
done with 236130
done with 236130
done with 238033
done with 238033
done with 239136
done with 239136
done with 237334
done with 237334
done with 239944
done with 239944
done with 245333
done with 245333
done with 248238
done with 248238
done with 246133
done with 246133
done with 250932
done with 250932
done with 249947
done with 248339
done with 248339
done with 249947
done with 251833
done with 251833
done with 250427
done with 250427
done with 255639
done with 255639
done with 255740
done with 255740
done with 256540
done with 256540
done with 257845
done with 257845
done with 257542
done with 257542
done with 268749
done with 268749
done with 257946
done with 257946
done with 263436
done with 263436
done with 268850
done with 268850
done with 274542
done with 274542
done with 270332
done with 270332
done with 275645
done with 275645
done with 280739
done with 280739
done with 280941
done with 280941
done with 286650
done with 286650
done with 287248
done with 287248
done with 284646
done with 284646
done with 281135
done with 281135
done with 289555
done with 289555
done with 283543
done with 283543
done with 286347
done with 286347
done with 285345
done with 285345
done with 285446
done with 285446
done with 290136
done with 293748
done with 290136
done with 293748
done with 295146
done with 297655
done with 297655
done with 295146
done with 298051
done with 298455
done with 298455
done with 298051
done with 299154
done with 299154
done with 299760
done with 299760
done with 300618
done with 300618
done with 303119
done with 300719
done with 303119
done with 300719
done with 303624
done with 303624
done with 304020
done with 304020
done with 304727
done with 304727
done with 305830
done with 305830
done with 308129
done with 308129
done with 307127
done with 307127
done with 309636
done with 309636
done with 308331
done with 308331
done with 311320
done with 311320
done with 310621
done with 310621
done with 314225
done with 314225
done with 316633
done with 316633
done with 317332
done with 317332
done with 318637
done with 318637
done with 320826
done with 316835
done with 316835
done with 320826
done with 321323
done with 321323
done with 322224
done with 322224
done with 325129
done with 325129
done with 329440
done with 329440
done with 330324
done with 330324
done with 336841
done with 336841
done with 334635
done with 334635
done with 341834
done with 341834
done with 329844
done with 329844
done with 339847
done with 339847
done with 333330
done with 333330
done with 342129
done with 342129
done with 346137
done with 346137
done with 348545
done with 349244
done with 348545
done with 349244
done with 346945
done with 346945
done with 350330
done with 350330
done with 351938
done with 351938
done with 352132
done with 352132
done with 352738
done with 352738
done with 353740
done with 353740
done with 355239
done with 355239
done with 356948
done with 356948
done with 358144
done with 358144
done with 360030
done with 360030
done with 361234
done with 361941
done with 361941
done with 361234
done with 362034
done with 362034
done with 366042
done with 366042
done with 366446
done with 366446
done with 368551
done with 365343
done with 365343
done with 368551
Error processing 355542 with encoding RL: No such file or no access: '/scratch/alpine/alar6830/WM_All/355542/RL/tfMRI_WM_RL.nii.gz'
done with 371843
done with 371843
Error processing 355542 with encoding LR: No such file or no access: '/scratch/alpine/alar6830/WM_All/355542/LR/tfMRI_WM_LR.nii.gz'
done with 368753
done with 368753
done with 376247
done with 376247
done with 378756
done with 378756
done with 377451
done with 377451
done with 378857
done with 378857
done with 379657
done with 379657
done with 380036
done with 381038
done with 381543
Error processing 355845 with encoding LR: No such file or no access: '/scratch/alpine/alar6830/WM_All/355845/LR/tfMRI_WM_LR.nii.gz'
Error processing 355845 with encoding RL: No such file or no access: '/scratch/alpine/alar6830/WM_All/355845/RL/tfMRI_WM_RL.nii.gz'
done with 382242
done with 381038
done with 381543
done with 380036
done with 382242
done with 386250
done with 386250
done with 385450
done with 385450
done with 385046
done with 385046
done with 387959
done with 387959
done with 389357
done with 389357
done with 390645
done with 390645
done with 391748
done with 391748
done with 392447
done with 392447
done with 392750
done with 393550
done with 395756
done with 395756
done with 394956
done with 394956
done with 392750
done with 395958
done with 393247
done with 393247
done with 395251
done with 395251
done with 393550
done with 395958
done with 397154
done with 397154
done with 397760
done with 397760
done with 401422
done with 401422
done with 397861
done with 397861
done with 406836
done with 406836
done with 406432
done with 406432
done with 412528
done with 412528
done with 413934
done with 413934
done with 414229
done with 414229
done with 415837
done with 415837
done with 419239
done with 419239
done with 421226
done with 421226
done with 422632
done with 422632
done with 424939
done with 424939
done with 429040
done with 429040
done with 432332
done with 432332
done with 433839
done with 433839
done with 436239
done with 436239
done with 436845
done with 436845
done with 441939
done with 441939
done with 445543
done with 445543
done with 448347
done with 448347
done with 449753
done with 449753
done with 453441
done with 453441
done with 453542
done with 453542
done with 454140
done with 454140
done with 459453
done with 459453
done with 456346
done with 456346
done with 461743
done with 461743
done with 462139
done with 462139
done with 465852
done with 465852
done with 463040
done with 463040
done with 469961
done with 467351
done with 469961
done with 467351
done with 475855
done with 475855
done with 479762
done with 479762
done with 473952
done with 473952
done with 468050
done with 468050
done with 480141
done with 480141
done with 481042
done with 481042
done with 481951
done with 481951
done with 500222
done with 500222
done with 485757
done with 492754
done with 497865
done with 497865
done with 492754
done with 485757
done with 495255
done with 495255
done with 499566
done with 499566
done with 486759
done with 486759
done with 506234
done with 506234
done with 510225
done with 510225
done with 512835
done with 512835
done with 510326
done with 513130
done with 513130
done with 510326
done with 513736
done with 513736
done with 516742
done with 516742
done with 517239
done with 517239
done with 520228
done with 520228
done with 522434
done with 522434
done with 521331
done with 521331
done with 523032
done with 523032
done with 518746
done with 518746
done with 519647
done with 519647
done with 519950
done with 519950
done with 524135
done with 524135
done with 525541
done with 525541
done with 529953
done with 529953
done with 529549
done with 529549
done with 530635
done with 530635
done with 531536
done with 531536
done with 536647
done with 536647
done with 541640
done with 531940
done with 531940
done with 541640
done with 540436
done with 540436
done with 545345
done with 545345
done with 541943
done with 541943
done with 547046
done with 547046
done with 549757
done with 549757
done with 548250
done with 548250
done with 550439
done with 550439
done with 552241
done with 552241
done with 552544
done with 552544
done with 553344
done with 553344
done with 555348
done with 555651
done with 555348
done with 555651
done with 555954
done with 555954
done with 558657
done with 558657
done with 558960
done with 557857
done with 557857
done with 558960
done with 559053
done with 559053
done with 559457
done with 559457
done with 561444
done with 561444
done with 561242
done with 561242
done with 561949
done with 561949
done with 562345
done with 562345
done with 565452
done with 565452
done with 562446
done with 562446
done with 566454
done with 566454
done with 567759
done with 567759
done with 567961
done with 567961
done with 569965
done with 569965
done with 567052
done with 567052
done with 568963
done with 568963
done with 570243
done with 570243
done with 573249
done with 573249
done with 571144
done with 571144
done with 572045
done with 572045
Error processing 571548 with encoding LR: No such file or no access: '/scratch/alpine/alar6830/WM_All/571548/LR/tfMRI_WM_LR.nii.gz'
done with 573451
done with 573451
Error processing 571548 with encoding RL: No such file or no access: '/scratch/alpine/alar6830/WM_All/571548/RL/tfMRI_WM_RL.nii.gz'
done with 579665
done with 579665
done with 579867
done with 580347
done with 578057
done with 578158
done with 580044
done with 579867
done with 580347
done with 580044
done with 578057
done with 578158
done with 576255
done with 580650
done with 580650
done with 576255
done with 583858
done with 583858
done with 580751
done with 580751
done with 581349
done with 581349
done with 581450
done with 581450
done with 585256
done with 585256
done with 585862
done with 585862
done with 586460
done with 586460
done with 587664
done with 587664
done with 588565
done with 588565
done with 589567
done with 589567
done with 590047
done with 590047
Error processing 584355 with encoding RL: No such file or no access: '/scratch/alpine/alar6830/WM_All/584355/RL/tfMRI_WM_RL.nii.gz'
Error processing 584355 with encoding LR: No such file or no access: '/scratch/alpine/alar6830/WM_All/584355/LR/tfMRI_WM_LR.nii.gz'
done with 594156
done with 594156
done with 592455
done with 592455
done with 597869
done with 597869
done with 598568
done with 598568
done with 599469
done with 599469
done with 599065
done with 599065
done with 601127
done with 599671
done with 599671
done with 601127
done with 604537
done with 609143
done with 609143
done with 604537
done with 611938
done with 611938
done with 613235
done with 613235
done with 613538
done with 613538
Error processing 611231 with encoding LR: No such file or no access: '/scratch/alpine/alar6830/WM_All/611231/LR/tfMRI_WM_LR.nii.gz'
Error processing 611231 with encoding RL: No such file or no access: '/scratch/alpine/alar6830/WM_All/611231/RL/tfMRI_WM_RL.nii.gz'
done with 614439
done with 614439
done with 615441
done with 615744
done with 616645
done with 616645
done with 615441
done with 615744
done with 617748
done with 617748
done with 618952
done with 618952
done with 622236
done with 622236
done with 623137
done with 623844
done with 620434
done with 626648
done with 620434
done with 626648
done with 623137
done with 623844
done with 627852
done with 627852
done with 627549
done with 627549
done with 628248
done with 628248
done with 633847
done with 633847
done with 635245
done with 635245
done with 634748
done with 638049
done with 638049
done with 634748
done with 644246
done with 644246
done with 645450
done with 645450
done with 644044
done with 644044
done with 645551
done with 645551
done with 647858
done with 647858
done with 650746
done with 650746
done with 654350
done with 654350
done with 656253
done with 656253
done with 656657
done with 656657
done with 654552
done with 654552
done with 657659
done with 654754
done with 657659
done with 654754
done with 660951
done with 660951
done with 662551
done with 664757
done with 663755
done with 663755
done with 662551
done with 664757
done with 665254
done with 665254
done with 667056
done with 667056
done with 672756
done with 672756
done with 671855
done with 671855
done with 673455
done with 673455
done with 675661
done with 675661
done with 677766
done with 677766
done with 677968
done with 677968
done with 680250
done with 679568
done with 679568
done with 679770
done with 679770
done with 680250
done with 680452
done with 680452
Error processing 668361 with encoding RL: No such file or no access: '/scratch/alpine/alar6830/WM_All/668361/RL/tfMRI_WM_RL.nii.gz'
done with 680957
done with 686969
done with 680957
done with 686969
done with 685058
done with 685058
done with 687163
done with 687163
done with 683256
done with 683256
done with 688569
done with 688569
done with 689470
done with 689470
done with 690152
done with 690152
done with 692964
done with 692964
done with 693764
done with 693764
done with 693461
done with 693461
done with 694362
done with 694362
done with 695768
done with 695768
done with 698168
done with 698168
done with 700634
done with 701535
done with 702133
done with 702133
done with 704238
done with 700634
done with 704238
done with 706040
done with 701535
done with 706040
done with 705341
done with 705341
done with 709551
done with 709551
done with 707749
done with 707749
done with 713239
done with 713239
done with 715041
done with 715041
done with 715647
done with 715647
done with 715950
done with 715950
done with 720337
done with 727553
done with 720337
done with 727553
done with 725751
done with 725751
done with 723141
done with 723141
done with 724446
done with 724446
done with 727654
done with 727654
done with 728454
done with 728454
done with 729254
done with 729254
done with 731140
done with 731140
done with 729557
done with 729557
done with 732243
done with 732243
Error processing 733548 with encoding LR: No such file or no access: '/scratch/alpine/alar6830/WM_All/733548/LR/tfMRI_WM_LR.nii.gz'
Error processing 733548 with encoding RL: No such file or no access: '/scratch/alpine/alar6830/WM_All/733548/RL/tfMRI_WM_RL.nii.gz'
done with 734247
done with 734247
done with 742549
done with 735148
done with 734045
done with 734045
done with 737960
done with 737960
done with 742549
done with 735148
done with 744553
done with 744553
done with 748258
done with 748258
done with 748662
done with 748662
done with 749058
done with 749058
done with 749361
done with 749361
done with 751348
done with 751348
done with 751550
done with 751550
done with 753251
done with 753150
done with 753251
done with 753150
done with 756055
done with 756055
Error processing 745555 with encoding RL: No such file or no access: '/scratch/alpine/alar6830/WM_All/745555/RL/tfMRI_WM_RL.nii.gz'
Error processing 745555 with encoding LR: No such file or no access: '/scratch/alpine/alar6830/WM_All/745555/LR/tfMRI_WM_LR.nii.gz'
done with 757764
done with 757764
done with 759869
done with 759869
done with 760551
done with 760551
done with 763557
done with 763557
done with 761957
done with 761957
done with 765056
done with 765864
done with 765864
done with 765056
done with 766563
done with 766563
done with 767464
done with 767464
done with 769064
done with 769064
done with 771354
done with 771354
done with 770352
done with 770352
done with 773257
done with 773257
done with 779370
done with 774663
done with 782561
done with 782561
done with 774663
done with 779370
done with 784565
done with 784565
done with 783462
done with 783462
Error processing 782157 with encoding LR: No such file or no access: '/scratch/alpine/alar6830/WM_All/782157/LR/tfMRI_WM_LR.nii.gz'
done with 786569
done with 786569
Error processing 782157 with encoding RL: No such file or no access: '/scratch/alpine/alar6830/WM_All/782157/RL/tfMRI_WM_RL.nii.gz'
done with 788876
done with 792564
done with 789373
done with 789373
done with 792867
done with 788674
done with 788674
done with 788876
done with 792564
done with 792867
done with 792766
done with 792766
done with 793465
done with 793465
done with 800941
done with 800941
done with 803240
done with 803240
done with 802844
done with 802844
done with 804646
done with 809252
done with 804646
done with 809252
done with 810439
done with 810439
done with 810843
done with 810843
done with 812746
done with 812746
done with 814548
done with 814548
done with 814649
done with 814649
done with 815247
done with 815247
done with 816653
done with 816653
done with 818455
done with 818859
done with 818859
done with 818455
done with 820745
done with 820745
done with 822244
done with 825048
done with 825048
done with 822244
done with 825553
done with 825553
done with 826353
done with 826353
done with 826454
done with 826454
done with 825654
done with 825654
done with 827052
done with 827052
done with 828862
done with 828862
done with 832651
done with 832651
done with 833148
done with 833148
done with 835657
done with 835657
done with 833249
done with 833249
done with 837560
done with 837560
done with 837964
done with 837964
done with 841349
done with 841349
done with 843151
done with 843151
done with 844961
done with 844961
done with 845458
done with 845458
done with 849971
done with 849971
done with 856463
done with 856463
done with 852455
done with 852455
done with 849264
done with 849264
done with 856968
done with 856766
done with 857263
done with 856766
done with 857263
done with 856968
done with 859671
done with 859671
done with 861456
done with 861456
done with 865363
done with 865363
done with 867468
done with 867468
done with 872158
done with 872158
done with 872562
done with 872562
done with 871964
done with 871964
done with 870861
done with 870861
done with 869472
done with 869472
done with 872764
done with 872764
done with 871762
done with 871762
done with 873968
done with 877168
done with 873968
done with 877168
done with 877269
done with 877269
done with 878877
done with 878877
done with 878776
done with 878776
done with 880157
done with 880157
done with 884064
done with 882161
done with 882161
done with 884064
done with 885975
done with 885975
done with 886674
done with 886674
done with 888678
done with 888678
done with 887373
done with 887373
done with 891667
done with 891667
done with 889579
done with 889579
done with 894067
done with 894067
done with 894673
done with 894673
done with 894774
done with 894774
done with 896778
done with 896778
done with 899885
done with 899885
done with 896879
done with 896879
done with 901038
done with 901038
done with 898176
done with 898176
done with 901139
done with 901139
done with 901442
done with 901442
done with 902242
done with 904044
done with 902242
done with 904044
done with 905147
done with 905147
done with 908860
done with 908860
done with 907656
done with 907656
done with 910241
done with 910241
done with 910443
done with 910443
done with 911849
done with 911849
done with 917255
done with 917255
done with 922854
done with 922854
done with 919966
done with 919966
done with 917558
done with 917558
done with 912447
done with 912447
done with 923755
done with 923755
done with 926862
done with 926862
done with 927359
done with 927359
done with 929464
done with 929464
done with 933253
done with 933253
done with 930449
done with 930449
done with 932554
done with 932554
done with 937160
done with 937160
done with 942658
done with 942658
done with 943862
done with 943862
done with 947668
done with 947668
done with 951457
done with 951457
done with 952863
done with 952863
done with 953764
done with 953764
done with 955465
done with 955465
done with 957974
done with 957974
done with 958976
done with 958976
done with 959574
done with 959574
done with 962058
done with 962058
done with 965367
done with 965367
done with 965771
done with 965771
done with 966975
done with 966975
done with 970764
done with 970764
done with 969476
done with 969476
done with 971160
done with 971160
done with 973770
done with 973770
done with 978578
done with 978578
done with 972566
done with 972566
done with 979984
done with 979984
done with 983773
done with 983773
done with 984472
done with 984472
done with 987074
done with 987074
done with 991267
done with 991267
done with 989987
done with 987983
done with 987983
done with 990366
done with 990366
done with 992673
done with 989987
done with 992673
done with 992774
done with 992774
done with 993675
done with 993675
done with 994273
done with 994273
done with 995174
done with 995174
done with 996782
done with 996782
Loaded image for participant: 668361, shape: (91, 109, 91, 405)
Loaded image for participant: 165032, shape: (91, 109, 91, 405)
Loaded image for participant: 185846, shape: (91, 109, 91, 405)
Loaded image for participant: 165840, shape: (91, 109, 91, 405)
done prepping
